<?xml version="1.0" encoding="UTF-8"?>
<testsuite name="PingPongTest" tests="4" skipped="0" failures="0" errors="0" timestamp="2016-04-18T21:14:04" hostname="epicodus-41.local" time="0.002">
  <properties/>
  <testcase name="PingPong_divisibleByFive_Array" classname="PingPongTest" time="0.001"/>
  <testcase name="PingPong_divisibleByFifteen_Array" classname="PingPongTest" time="0.0"/>
  <testcase name="PingPong_divisibleByThree_Array" classname="PingPongTest" time="0.0"/>
  <testcase name="PingPong_countUpToGivenNumber_Array" classname="PingPongTest" time="0.0"/>
  <system-out><![CDATA[]]></system-out>
  <system-err><![CDATA[]]></system-err>
</testsuite>
